컴컴컴컴컴컴컴컴컴컴컴컴컴컴컴콜Verify log似컴컴컴컴컴컴컴컴컴컴컴컴컴컴컴컴

   0 - 12752 KB/sec. (    0 KB/sec.,   0%) 
   1 - 12912 KB/sec. (  160 KB/sec.,   1%) 
   2 - 12831 KB/sec. (  -81 KB/sec.,  -1%) 
   3 - 12912 KB/sec. (   81 KB/sec.,   1%) 
   4 - 12912 KB/sec. (    0 KB/sec.,   0%) 
   5 - 12831 KB/sec. (  -81 KB/sec.,  -1%) 
   6 - 12852 KB/sec. (   21 KB/sec.,   0%) 
   7 - 12892 KB/sec. (   40 KB/sec.,   0%) 
   8 - 12831 KB/sec. (  -61 KB/sec.,   0%) 
   9 - 12912 KB/sec. (   81 KB/sec.,   1%) 
  10 - 12912 KB/sec. (    0 KB/sec.,   0%) 
  11 - 12831 KB/sec. (  -81 KB/sec.,  -1%) 
  12 - 12852 KB/sec. (   21 KB/sec.,   0%) 
  13 - 12831 KB/sec. (  -21 KB/sec.,   0%) 
  14 - 12912 KB/sec. (   81 KB/sec.,   1%) 
  15 - 12912 KB/sec. (    0 KB/sec.,   0%) 
  16 - 12831 KB/sec. (  -81 KB/sec.,  -1%) 
  17 - 12912 KB/sec. (   81 KB/sec.,   1%) 
  18 - 12852 KB/sec. (  -60 KB/sec.,   0%) 
  19 - 12831 KB/sec. (  -21 KB/sec.,   0%) 
  20 - 12912 KB/sec. (   81 KB/sec.,   1%) 
  21 - 12912 KB/sec. (    0 KB/sec.,   0%) 

컴컴컴컴컴컴컴컴컴컴컴컴컴컴콜Verify summary似컴컴컴컴컴컴컴컴컴컴컴컴컴컴컴

              Bad tracks: 0
Possible remapped tracks: 0
